[2022-03-08 13:56:41.716 +01:00  INF]  Application Starting up
[2022-03-08 13:56:56.417 +01:00  INF]  Entity Framework Core 5.0.14 initialized 'DataContext' using provider 'Microsoft.EntityFrameworkCore.Sqlite' with options: None
[2022-03-08 13:56:59.318 +01:00  INF]  Executed DbCommand (123ms) [Parameters=[], CommandType='"Text"', CommandTimeout='30']
SELECT COUNT(*) FROM "sqlite_master" WHERE "type" = 'table' AND "rootpage" IS NOT NULL;
[2022-03-08 13:56:59.400 +01:00  INF]  Entity Framework Core 5.0.14 initialized 'DataContext1' using provider 'Microsoft.EntityFrameworkCore.Sqlite' with options: None
[2022-03-08 13:56:59.544 +01:00  INF]  Executed DbCommand (1ms) [Parameters=[], CommandType='"Text"', CommandTimeout='30']
SELECT COUNT(*) FROM "sqlite_master" WHERE "type" = 'table' AND "rootpage" IS NOT NULL;
[2022-03-08 13:57:00.372 +01:00  INF]  User profile is available. Using 'C:\Users\admin\AppData\Local\ASP.NET\DataProtection-Keys' as key repository and Windows DPAPI to encrypt keys at rest.
[2022-03-08 13:57:04.260 +01:00  INF]  Now listening on: https://localhost:5001
[2022-03-08 13:57:04.261 +01:00  INF]  Now listening on: http://localhost:5000
[2022-03-08 13:57:04.262 +01:00  INF]  Application started. Press Ctrl+C to shut down.
[2022-03-08 13:57:04.263 +01:00  INF]  Hosting environment: Development
[2022-03-08 13:57:04.263 +01:00  INF]  Content root path: C:\Users\admin\source\repos\PrivacyDb\PrivacyDb
[2022-03-08 13:57:21.471 +01:00  INF]  Request starting HTTP/2 GET https://localhost:5001/  
[2022-03-08 13:57:24.538 +01:00  INF]  Executing endpoint '/Index'
[2022-03-08 13:57:27.241 +01:00  INF]  Route matched with {page = "/Index", action = "", controller = ""}. Executing page /Index
[2022-03-08 13:57:27.371 +01:00  INF]  Executing handler method PrivacyDb.Pages.IndexModel.OnGet - ModelState is "Valid"
[2022-03-08 13:57:27.371 +01:00  INF]  Executed handler method OnGet, returned result .
[2022-03-08 13:57:27.381 +01:00  INF]  Executing an implicit handler method - ModelState is "Valid"
[2022-03-08 13:57:27.381 +01:00  INF]  Executed an implicit handler method, returned result Microsoft.AspNetCore.Mvc.RazorPages.PageResult.
[2022-03-08 13:57:28.518 +01:00  INF]  Executed page /Index in 1266.7027ms
[2022-03-08 13:57:28.518 +01:00  INF]  Executed endpoint '/Index'
[2022-03-08 13:57:28.562 +01:00  INF]  Request finished in 7095.5639ms 200 text/html; charset=utf-8
[2022-03-08 13:57:28.796 +01:00  INF]  Request starting HTTP/2 GET https://localhost:5001/lib/bootstrap/dist/css/bootstrap.min.css  
[2022-03-08 13:57:29.042 +01:00  INF]  Request starting HTTP/2 GET https://localhost:5001/lib/jquery/dist/jquery.min.js  
[2022-03-08 13:57:29.074 +01:00  INF]  Request starting HTTP/2 GET https://localhost:5001/lib/bootstrap/dist/js/bootstrap.bundle.min.js  
[2022-03-08 13:57:29.081 +01:00  INF]  Request starting HTTP/2 GET https://localhost:5001/css/site.css  
[2022-03-08 13:57:29.082 +01:00  INF]  Request starting HTTP/2 GET https://localhost:5001/js/site.js?v=dLGP40S79Xnx6GqUthRF6NWvjvhQ1nOvdVSwaNcgG18  
[2022-03-08 13:57:29.186 +01:00  INF]  The file /css/site.css was not modified
[2022-03-08 13:57:29.186 +01:00  INF]  The file /lib/jquery/dist/jquery.min.js was not modified
[2022-03-08 13:57:29.186 +01:00  INF]  The file /lib/bootstrap/dist/css/bootstrap.min.css was not modified
[2022-03-08 13:57:29.186 +01:00  INF]  The file /lib/bootstrap/dist/js/bootstrap.bundle.min.js was not modified
[2022-03-08 13:57:29.187 +01:00  INF]  The file /js/site.js was not modified
[2022-03-08 13:57:29.190 +01:00  INF]  Request finished in 109.4613ms 304 text/css
[2022-03-08 13:57:29.191 +01:00  INF]  Request finished in 394.6471ms 304 text/css
[2022-03-08 13:57:29.190 +01:00  INF]  Request finished in 148.4892ms 304 application/javascript
[2022-03-08 13:57:29.191 +01:00  INF]  Request finished in 116.7447ms 304 application/javascript
[2022-03-08 13:57:29.191 +01:00  INF]  Request finished in 109.0859ms 304 application/javascript
[2022-03-08 13:57:56.282 +01:00  INF]  Request starting HTTP/2 GET https://localhost:5001/CRUDAPI  
[2022-03-08 13:57:56.323 +01:00  INF]  Executing endpoint 'PrivacyDb.Controller.Livre2.Get (PrivacyDb)'
[2022-03-08 13:57:56.597 +01:00  INF]  Route matched with {action = "Get", controller = "Livre2", page = ""}. Executing controller action with signature System.Threading.Tasks.Task`1[System.Collections.Generic.IList`1[PrivacyDb.Models.Livre]] Get() on controller PrivacyDb.Controller.Livre2 (PrivacyDb).
[2022-03-08 13:57:56.749 +01:00  INF]  Entity Framework Core 5.0.14 initialized 'DataContext' using provider 'Microsoft.EntityFrameworkCore.Sqlite' with options: None
[2022-03-08 13:57:57.614 +01:00  INF]  Executed DbCommand (54ms) [Parameters=[], CommandType='"Text"', CommandTimeout='30']
SELECT "l"."LivreID", "l"."Nom"
FROM "Livres" AS "l"
[2022-03-08 13:57:57.797 +01:00  INF]  Executing ObjectResult, writing value of type 'System.Collections.Generic.List`1[[PrivacyDb.Models.Livre, PrivacyDb, Version=1.0.0.0, Culture=neutral, PublicKeyToken=null]]'.
[2022-03-08 13:57:58.012 +01:00  INF]  Executed action PrivacyDb.Controller.Livre2.Get (PrivacyDb) in 1414.2093ms
[2022-03-08 13:57:58.012 +01:00  INF]  Executed endpoint 'PrivacyDb.Controller.Livre2.Get (PrivacyDb)'
[2022-03-08 13:57:58.018 +01:00  INF]  Request finished in 1736.6338ms 200 application/json; charset=utf-8
[2022-03-08 14:04:31.535 +01:00  INF]  Application Starting up
[2022-03-08 14:04:34.210 +01:00  INF]  Entity Framework Core 5.0.14 initialized 'DataContext' using provider 'Microsoft.EntityFrameworkCore.Sqlite' with options: None
[2022-03-08 14:04:34.546 +01:00  INF]  Executed DbCommand (41ms) [Parameters=[], CommandType='"Text"', CommandTimeout='30']
SELECT COUNT(*) FROM "sqlite_master" WHERE "type" = 'table' AND "rootpage" IS NOT NULL;
[2022-03-08 14:04:34.573 +01:00  INF]  Entity Framework Core 5.0.14 initialized 'DataContext1' using provider 'Microsoft.EntityFrameworkCore.Sqlite' with options: None
[2022-03-08 14:04:34.576 +01:00  INF]  Executed DbCommand (1ms) [Parameters=[], CommandType='"Text"', CommandTimeout='30']
SELECT COUNT(*) FROM "sqlite_master" WHERE "type" = 'table' AND "rootpage" IS NOT NULL;
[2022-03-08 14:04:34.685 +01:00  INF]  User profile is available. Using 'C:\Users\admin\AppData\Local\ASP.NET\DataProtection-Keys' as key repository and Windows DPAPI to encrypt keys at rest.
[2022-03-08 14:04:35.289 +01:00  INF]  Now listening on: https://localhost:5001
[2022-03-08 14:04:35.289 +01:00  INF]  Now listening on: http://localhost:5000
[2022-03-08 14:04:35.290 +01:00  INF]  Application started. Press Ctrl+C to shut down.
[2022-03-08 14:04:35.290 +01:00  INF]  Hosting environment: Development
[2022-03-08 14:04:35.290 +01:00  INF]  Content root path: C:\Users\admin\source\repos\PrivacyDb\PrivacyDb
[2022-03-08 14:04:37.498 +01:00  INF]  Request starting HTTP/2 GET https://localhost:5001/  
[2022-03-08 14:04:37.643 +01:00  INF]  Executing endpoint '/Index'
[2022-03-08 14:04:37.773 +01:00  INF]  Route matched with {page = "/Index", action = "", controller = ""}. Executing page /Index
[2022-03-08 14:04:37.819 +01:00  INF]  Executing handler method PrivacyDb.Pages.IndexModel.OnGet - ModelState is "Valid"
[2022-03-08 14:04:37.819 +01:00  INF]  Executed handler method OnGet, returned result .
[2022-03-08 14:04:37.831 +01:00  INF]  Executing an implicit handler method - ModelState is "Valid"
[2022-03-08 14:04:37.831 +01:00  INF]  Executed an implicit handler method, returned result Microsoft.AspNetCore.Mvc.RazorPages.PageResult.
[2022-03-08 14:04:38.139 +01:00  INF]  Executed page /Index in 349.2402ms
[2022-03-08 14:04:38.140 +01:00  INF]  Executed endpoint '/Index'
[2022-03-08 14:04:38.165 +01:00  INF]  Request finished in 675.5615ms 200 text/html; charset=utf-8
[2022-03-08 14:04:49.442 +01:00  INF]  Request starting HTTP/2 GET https://localhost:5001/CRUDAPI  
[2022-03-08 14:04:49.452 +01:00  INF]  Executing endpoint 'PrivacyDb.Controller.Livre2.Get (PrivacyDb)'
[2022-03-08 14:04:49.486 +01:00  INF]  Route matched with {action = "Get", controller = "Livre2", page = ""}. Executing controller action with signature System.Threading.Tasks.Task`1[System.Collections.Generic.IList`1[PrivacyDb.Models.Livre]] Get() on controller PrivacyDb.Controller.Livre2 (PrivacyDb).
[2022-03-08 14:04:50.901 +01:00  INF]  Entity Framework Core 5.0.14 initialized 'DataContext' using provider 'Microsoft.EntityFrameworkCore.Sqlite' with options: None
[2022-03-08 14:04:51.292 +01:00  INF]  Executed DbCommand (10ms) [Parameters=[], CommandType='"Text"', CommandTimeout='30']
SELECT "l"."LivreID", "l"."Nom"
FROM "Livres" AS "l"
[2022-03-08 14:04:52.281 +01:00  INF]  Executing ObjectResult, writing value of type 'System.Collections.Generic.List`1[[PrivacyDb.Models.Livre, PrivacyDb, Version=1.0.0.0, Culture=neutral, PublicKeyToken=null]]'.
[2022-03-08 14:04:52.378 +01:00  INF]  Executed action PrivacyDb.Controller.Livre2.Get (PrivacyDb) in 2891.3529ms
[2022-03-08 14:04:52.378 +01:00  INF]  Executed endpoint 'PrivacyDb.Controller.Livre2.Get (PrivacyDb)'
[2022-03-08 14:04:52.383 +01:00  INF]  Request finished in 2941.6727ms 200 application/json; charset=utf-8
[2022-03-08 14:27:30.627 +01:00  INF]  Application Starting up
[2022-03-08 14:27:41.243 +01:00  INF]  Entity Framework Core 5.0.14 initialized 'DataContext' using provider 'Microsoft.EntityFrameworkCore.Sqlite' with options: None
[2022-03-08 14:27:42.890 +01:00  INF]  Executed DbCommand (215ms) [Parameters=[], CommandType='"Text"', CommandTimeout='30']
SELECT COUNT(*) FROM "sqlite_master" WHERE "type" = 'table' AND "rootpage" IS NOT NULL;
[2022-03-08 14:27:42.918 +01:00  INF]  Entity Framework Core 5.0.14 initialized 'DataContext1' using provider 'Microsoft.EntityFrameworkCore.Sqlite' with options: None
[2022-03-08 14:27:42.973 +01:00  INF]  Executed DbCommand (1ms) [Parameters=[], CommandType='"Text"', CommandTimeout='30']
SELECT COUNT(*) FROM "sqlite_master" WHERE "type" = 'table' AND "rootpage" IS NOT NULL;
[2022-03-08 14:27:43.592 +01:00  INF]  User profile is available. Using 'C:\Users\admin\AppData\Local\ASP.NET\DataProtection-Keys' as key repository and Windows DPAPI to encrypt keys at rest.
[2022-03-08 14:27:47.487 +01:00  INF]  Now listening on: https://localhost:5001
[2022-03-08 14:27:47.487 +01:00  INF]  Now listening on: http://localhost:5000
[2022-03-08 14:27:47.488 +01:00  INF]  Application started. Press Ctrl+C to shut down.
[2022-03-08 14:27:47.488 +01:00  INF]  Hosting environment: Development
[2022-03-08 14:27:47.488 +01:00  INF]  Content root path: C:\Users\admin\source\repos\PrivacyDb\PrivacyDb
[2022-03-08 14:28:08.536 +01:00  INF]  Request starting HTTP/2 GET https://localhost:5001/  
[2022-03-08 14:28:10.474 +01:00  INF]  Executing endpoint '/Index'
[2022-03-08 14:28:11.954 +01:00  INF]  Route matched with {page = "/Index", action = "", controller = ""}. Executing page /Index
[2022-03-08 14:28:12.048 +01:00  INF]  Executing handler method PrivacyDb.Pages.IndexModel.OnGet - ModelState is "Valid"
[2022-03-08 14:28:12.048 +01:00  INF]  Executed handler method OnGet, returned result .
[2022-03-08 14:28:12.055 +01:00  INF]  Executing an implicit handler method - ModelState is "Valid"
[2022-03-08 14:28:12.055 +01:00  INF]  Executed an implicit handler method, returned result Microsoft.AspNetCore.Mvc.RazorPages.PageResult.
[2022-03-08 14:28:12.585 +01:00  INF]  Executed page /Index in 621.4673ms
[2022-03-08 14:28:12.586 +01:00  INF]  Executed endpoint '/Index'
[2022-03-08 14:28:12.594 +01:00  INF]  Request finished in 4062.8645ms 200 text/html; charset=utf-8
[2022-03-08 14:28:54.967 +01:00  INF]  Request starting HTTP/2 GET https://localhost:5001/controller  
[2022-03-08 14:28:55.024 +01:00  INF]  Executing endpoint 'PrivacyDb.Controller.Livre_api.Get (PrivacyDb)'
[2022-03-08 14:28:55.069 +01:00  INF]  Route matched with {action = "Get", controller = "Livre_api", page = ""}. Executing controller action with signature System.String Get() on controller PrivacyDb.Controller.Livre_api (PrivacyDb).
[2022-03-08 14:28:55.084 +01:00  INF]  Starting Index...
[2022-03-08 14:28:55.103 +01:00  INF]  Executing ObjectResult, writing value of type 'System.String'.
[2022-03-08 14:28:55.105 +01:00  INF]  Executed action PrivacyDb.Controller.Livre_api.Get (PrivacyDb) in 36.0794ms
[2022-03-08 14:28:55.106 +01:00  INF]  Executed endpoint 'PrivacyDb.Controller.Livre_api.Get (PrivacyDb)'
[2022-03-08 14:28:55.106 +01:00  INF]  Request finished in 138.8529ms 200 text/plain; charset=utf-8
[2022-03-08 14:29:02.595 +01:00  INF]  Request starting HTTP/2 GET https://localhost:5001/CRUDAPI  
[2022-03-08 14:29:02.658 +01:00  INF]  Executing endpoint 'PrivacyDb.Controller.Livre2.Get (PrivacyDb)'
[2022-03-08 14:29:02.770 +01:00  INF]  Route matched with {action = "Get", controller = "Livre2", page = ""}. Executing controller action with signature System.Threading.Tasks.Task`1[System.Collections.Generic.IList`1[PrivacyDb.Models.Livre]] Get() on controller PrivacyDb.Controller.Livre2 (PrivacyDb).
[2022-03-08 14:29:02.965 +01:00  INF]  Entity Framework Core 5.0.14 initialized 'DataContext' using provider 'Microsoft.EntityFrameworkCore.Sqlite' with options: None
[2022-03-08 14:29:04.251 +01:00  INF]  Executed DbCommand (31ms) [Parameters=[], CommandType='"Text"', CommandTimeout='30']
SELECT "l"."LivreID", "l"."Nom"
FROM "Livres" AS "l"
[2022-03-08 14:29:05.082 +01:00  INF]  Executing ObjectResult, writing value of type 'System.Collections.Generic.List`1[[PrivacyDb.Models.Livre, PrivacyDb, Version=1.0.0.0, Culture=neutral, PublicKeyToken=null]]'.
[2022-03-08 14:29:05.336 +01:00  INF]  Executed action PrivacyDb.Controller.Livre2.Get (PrivacyDb) in 2565.6554ms
[2022-03-08 14:29:05.336 +01:00  INF]  Executed endpoint 'PrivacyDb.Controller.Livre2.Get (PrivacyDb)'
[2022-03-08 14:29:05.339 +01:00  INF]  Request finished in 2745.3745ms 200 application/json; charset=utf-8
[2022-03-08 14:39:07.794 +01:00  INF]  Application is shutting down...
